2025/11/22 22:54:59 [INFO] Packer version: 1.14.2 [go1.23.2 darwin arm64]
2025/11/22 22:54:59 [INFO] PACKER_CONFIG env var not set; checking the default config file path
2025/11/22 22:54:59 [INFO] PACKER_CONFIG env var set; attempting to open config file: /Users/ka8kgj/.packerconfig
2025/11/22 22:54:59 [WARN] Config file doesn't exist: /Users/ka8kgj/.packerconfig
2025/11/22 22:54:59 [INFO] Setting cache directory: /Users/ka8kgj/.cache/packer
2025/11/22 22:54:59 [TRACE] listing potential installations for "github.com/hashicorp/proxmox" that match "1.1.3". plugingetter.ListInstallationsOptions{PluginDirectory:"/Users/ka8kgj/.config/packer/plugins", BinaryInstallationOptions:plugingetter.BinaryInstallationOptions{APIVersionMajor:"5", APIVersionMinor:"0", OS:"darwin", ARCH:"arm64", Ext:"", Checksummers:[]plugingetter.Checksummer{plugingetter.Checksummer{Type:"sha256", Hash:(*sha256.digest)(0x1400075e000)}}, ReleasesOnly:false}}
2025/11/22 22:54:59 [TRACE] Found the following "github.com/hashicorp/proxmox" installations: [{/Users/ka8kgj/.config/packer/plugins/github.com/hashicorp/proxmox/packer-plugin-proxmox_v1.1.3_x5.0_darwin_arm64 v1.1.3 x5.0}]
2025/11/22 22:54:59 [INFO] found external [-packer-default-plugin-name- clone iso] builders from name plugin
2025/11/22 22:54:59 plugin "/Users/ka8kgj/.config/packer/plugins/github.com/hashicorp/proxmox/packer-plugin-proxmox_v1.1.3_x5.0_darwin_arm64" does not support Protobuf, forcing use of Gob
2025/11/22 22:54:59 [TRACE] listing potential installations for <nil> that match "". plugingetter.ListInstallationsOptions{PluginDirectory:"/Users/ka8kgj/.config/packer/plugins", BinaryInstallationOptions:plugingetter.BinaryInstallationOptions{APIVersionMajor:"5", APIVersionMinor:"0", OS:"darwin", ARCH:"arm64", Ext:"", Checksummers:[]plugingetter.Checksummer{plugingetter.Checksummer{Type:"sha256", Hash:(*sha256.digest)(0x1400075e100)}}, ReleasesOnly:false}}
2025/11/22 22:54:59 [INFO] found external [-packer-default-plugin-name- clone iso] builders from proxmox plugin
2025/11/22 22:54:59 [TRACE] validateValue: not active for username, so skipping
2025/11/22 22:54:59 [TRACE] validateValue: not active for token, so skipping
2025/11/22 22:54:59 [TRACE] validateValue: not active for ssh_pub_key, so skipping
2025/11/22 22:54:59 [TRACE] validateValue: not active for vm_id, so skipping
2025/11/22 22:54:59 [TRACE] validateValue: not active for proxmox_url, so skipping
2025/11/22 22:54:59 [TRACE] validateValue: not active for ssh_username, so skipping
2025/11/22 22:54:59 [TRACE] validateValue: not active for node, so skipping
2025/11/22 22:54:59 [TRACE] validateValue: not active for template_name, so skipping
2025/11/22 22:54:59 [TRACE] validateValue: not active for iso_file, so skipping
2025/11/22 22:54:59 [INFO] Starting external plugin /Users/ka8kgj/.config/packer/plugins/github.com/hashicorp/proxmox/packer-plugin-proxmox_v1.1.3_x5.0_darwin_arm64 start builder iso
2025/11/22 22:54:59 Starting plugin: /Users/ka8kgj/.config/packer/plugins/github.com/hashicorp/proxmox/packer-plugin-proxmox_v1.1.3_x5.0_darwin_arm64 []string{"/Users/ka8kgj/.config/packer/plugins/github.com/hashicorp/proxmox/packer-plugin-proxmox_v1.1.3_x5.0_darwin_arm64", "start", "builder", "iso"}
2025/11/22 22:54:59 Waiting for RPC address for: /Users/ka8kgj/.config/packer/plugins/github.com/hashicorp/proxmox/packer-plugin-proxmox_v1.1.3_x5.0_darwin_arm64
2025/11/22 22:54:59 packer-plugin-proxmox_v1.1.3_x5.0_darwin_arm64 plugin: 2025/11/22 22:54:59 Plugin address: unix /var/folders/yg/5t2txjcs4_n7dpsvzmfb7hb40000gn/T/packer-plugin3363314793
2025/11/22 22:54:59 packer-plugin-proxmox_v1.1.3_x5.0_darwin_arm64 plugin: 2025/11/22 22:54:59 Waiting for connection...
2025/11/22 22:54:59 Received unix RPC address for /Users/ka8kgj/.config/packer/plugins/github.com/hashicorp/proxmox/packer-plugin-proxmox_v1.1.3_x5.0_darwin_arm64: addr is /var/folders/yg/5t2txjcs4_n7dpsvzmfb7hb40000gn/T/packer-plugin3363314793
2025/11/22 22:54:59 packer-plugin-proxmox_v1.1.3_x5.0_darwin_arm64 plugin: 2025/11/22 22:54:59 Serving a plugin connection...
2025/11/22 22:54:59 packer-plugin-proxmox_v1.1.3_x5.0_darwin_arm64 plugin: 2025/11/22 22:54:59 [TRACE] starting builder iso
2025/11/22 22:54:59 [DEBUG] - common: receiving ConfigSpec as gob
2025/11/22 22:54:59 packer-plugin-proxmox_v1.1.3_x5.0_darwin_arm64 plugin: 2025/11/22 22:54:59 Number of sockets 0 is too small, using default: 1
2025/11/22 22:54:59 packer-plugin-proxmox_v1.1.3_x5.0_darwin_arm64 plugin: 2025/11/22 22:54:59 CPU type not set, using default 'kvm64'
2025/11/22 22:54:59 packer-plugin-proxmox_v1.1.3_x5.0_darwin_arm64 plugin: 2025/11/22 22:54:59 OS not set, using default 'other'
2025/11/22 22:54:59 packer-plugin-proxmox_v1.1.3_x5.0_darwin_arm64 plugin: 2025/11/22 22:54:59 Disk 0 cache mode not set, using default 'none'
2025/11/22 22:54:59 [DEBUG] - common: receiving ConfigSpec as gob
2025/11/22 22:54:59 [INFO] Starting external plugin /opt/homebrew/bin/packer execute packer-provisioner-file
2025/11/22 22:54:59 Starting plugin: /opt/homebrew/bin/packer []string{"/opt/homebrew/bin/packer", "execute", "packer-provisioner-file"}
2025/11/22 22:54:59 Waiting for RPC address for: /opt/homebrew/bin/packer
2025/11/22 22:54:59 packer-provisioner-file plugin: [INFO] Packer version: 1.14.2 [go1.23.2 darwin arm64]
2025/11/22 22:54:59 packer-provisioner-file plugin: [INFO] PACKER_CONFIG env var not set; checking the default config file path
2025/11/22 22:54:59 packer-provisioner-file plugin: [INFO] PACKER_CONFIG env var set; attempting to open config file: /Users/ka8kgj/.packerconfig
2025/11/22 22:54:59 packer-provisioner-file plugin: [WARN] Config file doesn't exist: /Users/ka8kgj/.packerconfig
2025/11/22 22:54:59 packer-provisioner-file plugin: [INFO] Setting cache directory: /Users/ka8kgj/.cache/packer
2025/11/22 22:54:59 packer-provisioner-file plugin: Plugin address: unix /var/folders/yg/5t2txjcs4_n7dpsvzmfb7hb40000gn/T/packer-plugin3480667958
2025/11/22 22:54:59 packer-provisioner-file plugin: Waiting for connection...
2025/11/22 22:54:59 Received unix RPC address for /opt/homebrew/bin/packer: addr is /var/folders/yg/5t2txjcs4_n7dpsvzmfb7hb40000gn/T/packer-plugin3480667958
2025/11/22 22:54:59 packer-provisioner-file plugin: Serving a plugin connection...
2025/11/22 22:54:59 packer-provisioner-file plugin: [DEBUG] - common: sending ConfigSpec as gob
2025/11/22 22:54:59 [DEBUG] - common: receiving ConfigSpec as gob
2025/11/22 22:54:59 packer-provisioner-file plugin: [DEBUG] - common: sending ConfigSpec as gob
2025/11/22 22:54:59 [DEBUG] - common: receiving ConfigSpec as gob
2025/11/22 22:54:59 [INFO] Starting external plugin /opt/homebrew/bin/packer execute packer-provisioner-shell
2025/11/22 22:54:59 Starting plugin: /opt/homebrew/bin/packer []string{"/opt/homebrew/bin/packer", "execute", "packer-provisioner-shell"}
2025/11/22 22:54:59 Waiting for RPC address for: /opt/homebrew/bin/packer
2025/11/22 22:54:59 packer-provisioner-shell plugin: [INFO] Packer version: 1.14.2 [go1.23.2 darwin arm64]
2025/11/22 22:54:59 packer-provisioner-shell plugin: [INFO] PACKER_CONFIG env var not set; checking the default config file path
2025/11/22 22:54:59 packer-provisioner-shell plugin: [INFO] PACKER_CONFIG env var set; attempting to open config file: /Users/ka8kgj/.packerconfig
2025/11/22 22:54:59 packer-provisioner-shell plugin: [WARN] Config file doesn't exist: /Users/ka8kgj/.packerconfig
2025/11/22 22:54:59 packer-provisioner-shell plugin: [INFO] Setting cache directory: /Users/ka8kgj/.cache/packer
2025/11/22 22:54:59 packer-provisioner-shell plugin: Plugin address: unix /var/folders/yg/5t2txjcs4_n7dpsvzmfb7hb40000gn/T/packer-plugin3525040955
2025/11/22 22:54:59 packer-provisioner-shell plugin: Waiting for connection...
2025/11/22 22:54:59 Received unix RPC address for /opt/homebrew/bin/packer: addr is /var/folders/yg/5t2txjcs4_n7dpsvzmfb7hb40000gn/T/packer-plugin3525040955
2025/11/22 22:54:59 packer-provisioner-shell plugin: Serving a plugin connection...
2025/11/22 22:54:59 packer-provisioner-shell plugin: [DEBUG] - common: sending ConfigSpec as gob
2025/11/22 22:54:59 [DEBUG] - common: receiving ConfigSpec as gob
2025/11/22 22:54:59 packer-provisioner-shell plugin: [DEBUG] - common: sending ConfigSpec as gob
2025/11/22 22:54:59 [DEBUG] - common: receiving ConfigSpec as gob
2025/11/22 22:54:59 [INFO] Starting external plugin /opt/homebrew/bin/packer execute packer-provisioner-file
2025/11/22 22:54:59 Starting plugin: /opt/homebrew/bin/packer []string{"/opt/homebrew/bin/packer", "execute", "packer-provisioner-file"}
2025/11/22 22:54:59 Waiting for RPC address for: /opt/homebrew/bin/packer
2025/11/22 22:54:59 packer-provisioner-file plugin: [INFO] Packer version: 1.14.2 [go1.23.2 darwin arm64]
2025/11/22 22:54:59 packer-provisioner-file plugin: [INFO] PACKER_CONFIG env var not set; checking the default config file path
2025/11/22 22:54:59 packer-provisioner-file plugin: [INFO] PACKER_CONFIG env var set; attempting to open config file: /Users/ka8kgj/.packerconfig
2025/11/22 22:54:59 packer-provisioner-file plugin: [WARN] Config file doesn't exist: /Users/ka8kgj/.packerconfig
2025/11/22 22:54:59 packer-provisioner-file plugin: [INFO] Setting cache directory: /Users/ka8kgj/.cache/packer
2025/11/22 22:54:59 packer-provisioner-file plugin: Plugin address: unix /var/folders/yg/5t2txjcs4_n7dpsvzmfb7hb40000gn/T/packer-plugin301530967
2025/11/22 22:54:59 packer-provisioner-file plugin: Waiting for connection...
2025/11/22 22:54:59 Received unix RPC address for /opt/homebrew/bin/packer: addr is /var/folders/yg/5t2txjcs4_n7dpsvzmfb7hb40000gn/T/packer-plugin301530967
2025/11/22 22:54:59 packer-provisioner-file plugin: Serving a plugin connection...
2025/11/22 22:54:59 packer-provisioner-file plugin: [DEBUG] - common: sending ConfigSpec as gob
2025/11/22 22:54:59 [DEBUG] - common: receiving ConfigSpec as gob
2025/11/22 22:54:59 packer-provisioner-file plugin: [DEBUG] - common: sending ConfigSpec as gob
2025/11/22 22:54:59 [DEBUG] - common: receiving ConfigSpec as gob
2025/11/22 22:54:59 [INFO] Starting external plugin /opt/homebrew/bin/packer execute packer-provisioner-shell
2025/11/22 22:54:59 Starting plugin: /opt/homebrew/bin/packer []string{"/opt/homebrew/bin/packer", "execute", "packer-provisioner-shell"}
2025/11/22 22:54:59 Waiting for RPC address for: /opt/homebrew/bin/packer
2025/11/22 22:54:59 packer-provisioner-shell plugin: [INFO] Packer version: 1.14.2 [go1.23.2 darwin arm64]
2025/11/22 22:54:59 packer-provisioner-shell plugin: [INFO] PACKER_CONFIG env var not set; checking the default config file path
2025/11/22 22:54:59 packer-provisioner-shell plugin: [INFO] PACKER_CONFIG env var set; attempting to open config file: /Users/ka8kgj/.packerconfig
2025/11/22 22:54:59 packer-provisioner-shell plugin: [WARN] Config file doesn't exist: /Users/ka8kgj/.packerconfig
2025/11/22 22:54:59 packer-provisioner-shell plugin: [INFO] Setting cache directory: /Users/ka8kgj/.cache/packer
2025/11/22 22:54:59 packer-provisioner-shell plugin: Plugin address: unix /var/folders/yg/5t2txjcs4_n7dpsvzmfb7hb40000gn/T/packer-plugin3194424625
2025/11/22 22:54:59 packer-provisioner-shell plugin: Waiting for connection...
2025/11/22 22:54:59 Received unix RPC address for /opt/homebrew/bin/packer: addr is /var/folders/yg/5t2txjcs4_n7dpsvzmfb7hb40000gn/T/packer-plugin3194424625
2025/11/22 22:54:59 packer-provisioner-shell plugin: Serving a plugin connection...
2025/11/22 22:54:59 packer-provisioner-shell plugin: [DEBUG] - common: sending ConfigSpec as gob
2025/11/22 22:54:59 [DEBUG] - common: receiving ConfigSpec as gob
2025/11/22 22:54:59 packer-provisioner-shell plugin: [DEBUG] - common: sending ConfigSpec as gob
2025/11/22 22:54:59 [DEBUG] - common: receiving ConfigSpec as gob
2025/11/22 22:54:59 ui: [1;32m<sensitive>-template.proxmox-iso.<sensitive>: output will be in this color.[0m
2025/11/22 22:54:59 ui: 
2025/11/22 22:54:59 Build debug mode: false
2025/11/22 22:54:59 Force build: false
2025/11/22 22:54:59 On error: 
2025/11/22 22:54:59 Waiting on builds to complete...
2025/11/22 22:54:59 Starting build run: <sensitive>-template.proxmox-iso.<sensitive>
2025/11/22 22:54:59 Running builder: proxmox-iso
2025/11/22 22:54:59 [INFO] (telemetry) Starting builder proxmox-iso.<sensitive>
2025/11/22 22:54:59 packer-plugin-proxmox_v1.1.3_x5.0_darwin_arm64 plugin: 2025/11/22 22:54:59 using token auth
2025/11/22 22:54:59 packer-plugin-proxmox_v1.1.3_x5.0_darwin_arm64 plugin: 2025/11/22 22:54:59 No URLs were provided to Step Download. Continuing...
2025/11/22 22:54:59 ui: [1;32m==> <sensitive>-template.proxmox-iso.<sensitive>: Creating VM[0m
2025/11/22 22:55:01 ui: [1;32m==> <sensitive>-template.proxmox-iso.<sensitive>: Starting VM[0m
2025/11/22 22:55:03 packer-plugin-proxmox_v1.1.3_x5.0_darwin_arm64 plugin: 2025/11/22 22:55:03 Found available port: 8630 on IP: 0.0.0.0
2025/11/22 22:55:03 ui: [1;32m==> <sensitive>-template.proxmox-iso.<sensitive>: Starting HTTP server on port 8630[0m
2025/11/22 22:55:03 ui: [1;32m==> <sensitive>-template.proxmox-iso.<sensitive>: Waiting 20s for boot[0m
2025/11/22 22:55:23 ui: [1;32m==> <sensitive>-template.proxmox-iso.<sensitive>: Typing the boot command[0m
2025/11/22 22:55:23 packer-plugin-proxmox_v1.1.3_x5.0_darwin_arm64 plugin: 2025/11/22 22:55:23 [INFO] Waiting 1s
2025/11/22 22:55:24 packer-plugin-proxmox_v1.1.3_x5.0_darwin_arm64 plugin: 2025/11/22 22:55:24 [INFO] Waiting 1s
2025/11/22 22:55:40 packer-plugin-proxmox_v1.1.3_x5.0_darwin_arm64 plugin: 2025/11/22 22:55:40 [DEBUG] Unable to get address during connection step: 500 Internal Server Error
2025/11/22 22:55:40 packer-plugin-proxmox_v1.1.3_x5.0_darwin_arm64 plugin: 2025/11/22 22:55:40 [INFO] Waiting for SSH, up to timeout: 10m0s
2025/11/22 22:55:40 ui: [1;32m==> <sensitive>-template.proxmox-iso.<sensitive>: Waiting for SSH to become available...[0m
2025/11/22 22:55:40 packer-plugin-proxmox_v1.1.3_x5.0_darwin_arm64 plugin: 2025/11/22 22:55:40 [DEBUG] Error getting SSH address: 500 Internal Server Error
2025/11/22 22:55:46 packer-plugin-proxmox_v1.1.3_x5.0_darwin_arm64 plugin: 2025/11/22 22:55:46 [DEBUG] Error getting SSH address: 500 Internal Server Error
2025/11/22 22:55:51 packer-plugin-proxmox_v1.1.3_x5.0_darwin_arm64 plugin: 2025/11/22 22:55:51 [DEBUG] Error getting SSH address: 500 Internal Server Error
2025/11/22 22:55:56 packer-plugin-proxmox_v1.1.3_x5.0_darwin_arm64 plugin: 2025/11/22 22:55:56 [DEBUG] Error getting SSH address: 500 Internal Server Error
2025/11/22 22:56:01 packer-plugin-proxmox_v1.1.3_x5.0_darwin_arm64 plugin: 2025/11/22 22:56:01 [DEBUG] Error getting SSH address: 500 Internal Server Error
2025/11/22 22:56:06 packer-plugin-proxmox_v1.1.3_x5.0_darwin_arm64 plugin: 2025/11/22 22:56:06 [DEBUG] Error getting SSH address: 500 Internal Server Error
2025/11/22 22:56:11 packer-plugin-proxmox_v1.1.3_x5.0_darwin_arm64 plugin: 2025/11/22 22:56:11 [DEBUG] Error getting SSH address: 500 Internal Server Error
2025/11/22 22:56:16 packer-plugin-proxmox_v1.1.3_x5.0_darwin_arm64 plugin: 2025/11/22 22:56:16 [DEBUG] Error getting SSH address: 500 Internal Server Error
2025/11/22 22:56:21 packer-plugin-proxmox_v1.1.3_x5.0_darwin_arm64 plugin: 2025/11/22 22:56:21 [DEBUG] Error getting SSH address: 500 Internal Server Error
2025/11/22 22:56:26 packer-plugin-proxmox_v1.1.3_x5.0_darwin_arm64 plugin: 2025/11/22 22:56:26 [DEBUG] Error getting SSH address: 500 Internal Server Error
2025/11/22 22:56:31 packer-plugin-proxmox_v1.1.3_x5.0_darwin_arm64 plugin: 2025/11/22 22:56:31 [DEBUG] Error getting SSH address: 500 Internal Server Error
2025/11/22 22:56:36 packer-plugin-proxmox_v1.1.3_x5.0_darwin_arm64 plugin: 2025/11/22 22:56:36 [DEBUG] Error getting SSH address: 500 Internal Server Error
2025/11/22 22:56:41 packer-plugin-proxmox_v1.1.3_x5.0_darwin_arm64 plugin: 2025/11/22 22:56:41 [DEBUG] Error getting SSH address: 500 Internal Server Error
2025/11/22 22:56:46 packer-plugin-proxmox_v1.1.3_x5.0_darwin_arm64 plugin: 2025/11/22 22:56:46 [DEBUG] Error getting SSH address: 500 Internal Server Error
2025/11/22 22:56:51 packer-plugin-proxmox_v1.1.3_x5.0_darwin_arm64 plugin: 2025/11/22 22:56:51 [DEBUG] Error getting SSH address: 500 Internal Server Error
2025/11/22 22:56:56 packer-plugin-proxmox_v1.1.3_x5.0_darwin_arm64 plugin: 2025/11/22 22:56:56 [DEBUG] Error getting SSH address: 500 Internal Server Error
2025/11/22 22:57:01 packer-plugin-proxmox_v1.1.3_x5.0_darwin_arm64 plugin: 2025/11/22 22:57:01 [DEBUG] Error getting SSH address: 500 Internal Server Error
2025/11/22 22:57:06 packer-plugin-proxmox_v1.1.3_x5.0_darwin_arm64 plugin: 2025/11/22 22:57:06 [DEBUG] Error getting SSH address: 500 Internal Server Error
2025/11/22 22:57:11 packer-plugin-proxmox_v1.1.3_x5.0_darwin_arm64 plugin: 2025/11/22 22:57:11 [DEBUG] Error getting SSH address: 500 Internal Server Error
2025/11/22 22:57:16 packer-plugin-proxmox_v1.1.3_x5.0_darwin_arm64 plugin: 2025/11/22 22:57:16 [DEBUG] Error getting SSH address: 500 Internal Server Error
2025/11/22 22:57:21 packer-plugin-proxmox_v1.1.3_x5.0_darwin_arm64 plugin: 2025/11/22 22:57:21 [DEBUG] Error getting SSH address: 500 Internal Server Error
2025/11/22 22:57:26 packer-plugin-proxmox_v1.1.3_x5.0_darwin_arm64 plugin: 2025/11/22 22:57:26 [DEBUG] Error getting SSH address: 500 Internal Server Error
2025/11/22 22:57:31 packer-plugin-proxmox_v1.1.3_x5.0_darwin_arm64 plugin: 2025/11/22 22:57:31 [DEBUG] Error getting SSH address: 500 Internal Server Error
2025/11/22 22:57:36 packer-plugin-proxmox_v1.1.3_x5.0_darwin_arm64 plugin: 2025/11/22 22:57:36 [DEBUG] Error getting SSH address: 500 Internal Server Error
2025/11/22 22:57:41 packer-plugin-proxmox_v1.1.3_x5.0_darwin_arm64 plugin: 2025/11/22 22:57:41 [DEBUG] Error getting SSH address: 500 Internal Server Error
2025/11/22 22:57:46 packer-plugin-proxmox_v1.1.3_x5.0_darwin_arm64 plugin: 2025/11/22 22:57:46 [DEBUG] Error getting SSH address: 500 Internal Server Error
2025/11/22 22:57:51 packer-plugin-proxmox_v1.1.3_x5.0_darwin_arm64 plugin: 2025/11/22 22:57:51 [DEBUG] Error getting SSH address: 500 Internal Server Error
2025/11/22 22:57:56 packer-plugin-proxmox_v1.1.3_x5.0_darwin_arm64 plugin: 2025/11/22 22:57:56 [DEBUG] Error getting SSH address: 500 Internal Server Error
2025/11/22 22:58:01 packer-plugin-proxmox_v1.1.3_x5.0_darwin_arm64 plugin: 2025/11/22 22:58:01 [DEBUG] Error getting SSH address: 500 Internal Server Error
2025/11/22 22:58:06 packer-plugin-proxmox_v1.1.3_x5.0_darwin_arm64 plugin: 2025/11/22 22:58:06 [DEBUG] Error getting SSH address: 500 Internal Server Error
2025/11/22 22:58:11 packer-plugin-proxmox_v1.1.3_x5.0_darwin_arm64 plugin: 2025/11/22 22:58:11 [DEBUG] Error getting SSH address: 500 Internal Server Error
2025/11/22 22:58:16 packer-plugin-proxmox_v1.1.3_x5.0_darwin_arm64 plugin: 2025/11/22 22:58:16 [DEBUG] Error getting SSH address: 500 Internal Server Error
2025/11/22 22:58:21 packer-plugin-proxmox_v1.1.3_x5.0_darwin_arm64 plugin: 2025/11/22 22:58:21 [DEBUG] Error getting SSH address: 500 Internal Server Error
2025/11/22 22:58:26 packer-plugin-proxmox_v1.1.3_x5.0_darwin_arm64 plugin: 2025/11/22 22:58:26 [DEBUG] Error getting SSH address: 500 Internal Server Error
2025/11/22 22:58:31 packer-plugin-proxmox_v1.1.3_x5.0_darwin_arm64 plugin: 2025/11/22 22:58:31 [DEBUG] Error getting SSH address: 500 Internal Server Error
2025/11/22 22:58:36 packer-plugin-proxmox_v1.1.3_x5.0_darwin_arm64 plugin: 2025/11/22 22:58:36 [DEBUG] Error getting SSH address: 500 Internal Server Error
2025/11/22 22:58:41 packer-plugin-proxmox_v1.1.3_x5.0_darwin_arm64 plugin: 2025/11/22 22:58:41 [DEBUG] Error getting SSH address: 500 Internal Server Error
2025/11/22 22:58:46 packer-plugin-proxmox_v1.1.3_x5.0_darwin_arm64 plugin: 2025/11/22 22:58:46 [DEBUG] Error getting SSH address: 500 Internal Server Error
2025/11/22 22:58:51 packer-plugin-proxmox_v1.1.3_x5.0_darwin_arm64 plugin: 2025/11/22 22:58:51 [DEBUG] Error getting SSH address: 500 Internal Server Error
2025/11/22 22:58:56 packer-plugin-proxmox_v1.1.3_x5.0_darwin_arm64 plugin: 2025/11/22 22:58:56 [DEBUG] Error getting SSH address: 500 Internal Server Error
2025/11/22 22:59:01 packer-plugin-proxmox_v1.1.3_x5.0_darwin_arm64 plugin: 2025/11/22 22:59:01 [DEBUG] Error getting SSH address: 500 Internal Server Error
2025/11/22 22:59:06 packer-plugin-proxmox_v1.1.3_x5.0_darwin_arm64 plugin: 2025/11/22 22:59:06 [DEBUG] Error getting SSH address: 500 Internal Server Error
2025/11/22 22:59:11 packer-plugin-proxmox_v1.1.3_x5.0_darwin_arm64 plugin: 2025/11/22 22:59:11 [DEBUG] Error getting SSH address: 500 Internal Server Error
2025/11/22 22:59:16 packer-plugin-proxmox_v1.1.3_x5.0_darwin_arm64 plugin: 2025/11/22 22:59:16 [DEBUG] Error getting SSH address: 500 Internal Server Error
2025/11/22 22:59:21 packer-plugin-proxmox_v1.1.3_x5.0_darwin_arm64 plugin: 2025/11/22 22:59:21 [DEBUG] Error getting SSH address: 500 Internal Server Error
2025/11/22 22:59:26 packer-plugin-proxmox_v1.1.3_x5.0_darwin_arm64 plugin: 2025/11/22 22:59:26 [DEBUG] Error getting SSH address: 500 Internal Server Error
2025/11/22 22:59:31 packer-plugin-proxmox_v1.1.3_x5.0_darwin_arm64 plugin: 2025/11/22 22:59:31 [DEBUG] Error getting SSH address: 500 Internal Server Error
2025/11/22 22:59:36 packer-plugin-proxmox_v1.1.3_x5.0_darwin_arm64 plugin: 2025/11/22 22:59:36 [DEBUG] Error getting SSH address: 500 Internal Server Error
2025/11/22 22:59:41 packer-plugin-proxmox_v1.1.3_x5.0_darwin_arm64 plugin: 2025/11/22 22:59:41 [DEBUG] Error getting SSH address: 500 Internal Server Error
2025/11/22 22:59:46 packer-plugin-proxmox_v1.1.3_x5.0_darwin_arm64 plugin: 2025/11/22 22:59:46 [DEBUG] Error getting SSH address: 500 Internal Server Error
2025/11/22 22:59:51 packer-plugin-proxmox_v1.1.3_x5.0_darwin_arm64 plugin: 2025/11/22 22:59:51 [DEBUG] Error getting SSH address: 500 Internal Server Error
2025/11/22 22:59:56 packer-plugin-proxmox_v1.1.3_x5.0_darwin_arm64 plugin: 2025/11/22 22:59:56 [DEBUG] Error getting SSH address: 500 Internal Server Error
2025/11/22 23:00:01 packer-plugin-proxmox_v1.1.3_x5.0_darwin_arm64 plugin: 2025/11/22 23:00:01 [DEBUG] Error getting SSH address: 500 Internal Server Error
2025/11/22 23:00:06 packer-plugin-proxmox_v1.1.3_x5.0_darwin_arm64 plugin: 2025/11/22 23:00:06 [DEBUG] Error getting SSH address: 500 Internal Server Error
2025/11/22 23:00:11 packer-plugin-proxmox_v1.1.3_x5.0_darwin_arm64 plugin: 2025/11/22 23:00:11 [DEBUG] Error getting SSH address: 500 Internal Server Error
2025/11/22 23:00:16 packer-plugin-proxmox_v1.1.3_x5.0_darwin_arm64 plugin: 2025/11/22 23:00:16 [DEBUG] Error getting SSH address: 500 Internal Server Error
2025/11/22 23:00:21 packer-plugin-proxmox_v1.1.3_x5.0_darwin_arm64 plugin: 2025/11/22 23:00:21 [DEBUG] Error getting SSH address: 500 Internal Server Error
2025/11/22 23:00:26 packer-plugin-proxmox_v1.1.3_x5.0_darwin_arm64 plugin: 2025/11/22 23:00:26 [DEBUG] Error getting SSH address: 500 Internal Server Error
2025/11/22 23:00:31 packer-plugin-proxmox_v1.1.3_x5.0_darwin_arm64 plugin: 2025/11/22 23:00:31 [DEBUG] Error getting SSH address: 500 Internal Server Error
2025/11/22 23:00:36 packer-plugin-proxmox_v1.1.3_x5.0_darwin_arm64 plugin: 2025/11/22 23:00:36 [DEBUG] Error getting SSH address: 500 Internal Server Error
2025/11/22 23:00:41 packer-plugin-proxmox_v1.1.3_x5.0_darwin_arm64 plugin: 2025/11/22 23:00:41 [DEBUG] Error getting SSH address: 500 Internal Server Error
2025/11/22 23:00:46 packer-plugin-proxmox_v1.1.3_x5.0_darwin_arm64 plugin: 2025/11/22 23:00:46 [DEBUG] Error getting SSH address: 500 Internal Server Error
2025/11/22 23:00:51 packer-plugin-proxmox_v1.1.3_x5.0_darwin_arm64 plugin: 2025/11/22 23:00:51 [DEBUG] Error getting SSH address: 500 Internal Server Error
2025/11/22 23:00:56 packer-plugin-proxmox_v1.1.3_x5.0_darwin_arm64 plugin: 2025/11/22 23:00:56 [DEBUG] Error getting SSH address: 500 Internal Server Error
2025/11/22 23:01:01 packer-plugin-proxmox_v1.1.3_x5.0_darwin_arm64 plugin: 2025/11/22 23:01:01 [DEBUG] Error getting SSH address: 500 Internal Server Error
2025/11/22 23:01:07 packer-plugin-proxmox_v1.1.3_x5.0_darwin_arm64 plugin: 2025/11/22 23:01:07 [DEBUG] Error getting SSH address: 500 Internal Server Error
2025/11/22 23:01:12 packer-plugin-proxmox_v1.1.3_x5.0_darwin_arm64 plugin: 2025/11/22 23:01:12 [DEBUG] Error getting SSH address: 500 Internal Server Error
2025/11/22 23:01:17 packer-plugin-proxmox_v1.1.3_x5.0_darwin_arm64 plugin: 2025/11/22 23:01:17 [DEBUG] Error getting SSH address: 500 Internal Server Error
2025/11/22 23:01:22 packer-plugin-proxmox_v1.1.3_x5.0_darwin_arm64 plugin: 2025/11/22 23:01:22 [DEBUG] Error getting SSH address: 500 Internal Server Error
2025/11/22 23:01:27 packer-plugin-proxmox_v1.1.3_x5.0_darwin_arm64 plugin: 2025/11/22 23:01:27 [DEBUG] Error getting SSH address: 500 Internal Server Error
2025/11/22 23:01:32 packer-plugin-proxmox_v1.1.3_x5.0_darwin_arm64 plugin: 2025/11/22 23:01:32 [DEBUG] Error getting SSH address: 500 Internal Server Error
2025/11/22 23:01:37 packer-plugin-proxmox_v1.1.3_x5.0_darwin_arm64 plugin: 2025/11/22 23:01:37 [DEBUG] Error getting SSH address: 500 Internal Server Error
2025/11/22 23:01:42 packer-plugin-proxmox_v1.1.3_x5.0_darwin_arm64 plugin: 2025/11/22 23:01:42 [DEBUG] Error getting SSH address: 500 Internal Server Error
2025/11/22 23:01:47 packer-plugin-proxmox_v1.1.3_x5.0_darwin_arm64 plugin: 2025/11/22 23:01:47 [DEBUG] Error getting SSH address: 500 Internal Server Error
2025/11/22 23:01:52 packer-plugin-proxmox_v1.1.3_x5.0_darwin_arm64 plugin: 2025/11/22 23:01:52 [DEBUG] Error getting SSH address: 500 Internal Server Error
2025/11/22 23:01:57 packer-plugin-proxmox_v1.1.3_x5.0_darwin_arm64 plugin: 2025/11/22 23:01:57 [DEBUG] Error getting SSH address: 500 Internal Server Error
2025/11/22 23:02:02 packer-plugin-proxmox_v1.1.3_x5.0_darwin_arm64 plugin: 2025/11/22 23:02:02 [DEBUG] Error getting SSH address: 500 Internal Server Error
2025/11/22 23:02:07 packer-plugin-proxmox_v1.1.3_x5.0_darwin_arm64 plugin: 2025/11/22 23:02:07 [DEBUG] Error getting SSH address: 500 Internal Server Error
2025/11/22 23:02:12 packer-plugin-proxmox_v1.1.3_x5.0_darwin_arm64 plugin: 2025/11/22 23:02:12 [DEBUG] Error getting SSH address: 500 Internal Server Error
2025/11/22 23:02:17 packer-plugin-proxmox_v1.1.3_x5.0_darwin_arm64 plugin: 2025/11/22 23:02:17 [DEBUG] Error getting SSH address: 500 Internal Server Error
2025/11/22 23:02:22 packer-plugin-proxmox_v1.1.3_x5.0_darwin_arm64 plugin: 2025/11/22 23:02:22 [DEBUG] Error getting SSH address: 500 Internal Server Error
2025/11/22 23:02:27 packer-plugin-proxmox_v1.1.3_x5.0_darwin_arm64 plugin: 2025/11/22 23:02:27 [DEBUG] Error getting SSH address: 500 Internal Server Error
2025/11/22 23:02:32 packer-plugin-proxmox_v1.1.3_x5.0_darwin_arm64 plugin: 2025/11/22 23:02:32 [DEBUG] Error getting SSH address: 500 Internal Server Error
2025/11/22 23:02:37 packer-plugin-proxmox_v1.1.3_x5.0_darwin_arm64 plugin: 2025/11/22 23:02:37 [DEBUG] Error getting SSH address: 500 Internal Server Error
2025/11/22 23:02:42 packer-plugin-proxmox_v1.1.3_x5.0_darwin_arm64 plugin: 2025/11/22 23:02:42 [DEBUG] Error getting SSH address: 500 Internal Server Error
2025/11/22 23:02:47 packer-plugin-proxmox_v1.1.3_x5.0_darwin_arm64 plugin: 2025/11/22 23:02:47 [DEBUG] Error getting SSH address: 500 Internal Server Error
2025/11/22 23:02:52 packer-plugin-proxmox_v1.1.3_x5.0_darwin_arm64 plugin: 2025/11/22 23:02:52 [DEBUG] Error getting SSH address: 500 Internal Server Error
2025/11/22 23:02:57 packer-plugin-proxmox_v1.1.3_x5.0_darwin_arm64 plugin: 2025/11/22 23:02:57 [DEBUG] Error getting SSH address: 500 Internal Server Error
2025/11/22 23:03:02 packer-plugin-proxmox_v1.1.3_x5.0_darwin_arm64 plugin: 2025/11/22 23:03:02 [DEBUG] Error getting SSH address: 500 Internal Server Error
2025/11/22 23:03:07 packer-plugin-proxmox_v1.1.3_x5.0_darwin_arm64 plugin: 2025/11/22 23:03:07 [DEBUG] Error getting SSH address: 500 Internal Server Error
2025/11/22 23:03:12 packer-plugin-proxmox_v1.1.3_x5.0_darwin_arm64 plugin: 2025/11/22 23:03:12 [DEBUG] Error getting SSH address: 500 Internal Server Error
2025/11/22 23:03:17 packer-plugin-proxmox_v1.1.3_x5.0_darwin_arm64 plugin: 2025/11/22 23:03:17 [DEBUG] Error getting SSH address: 500 Internal Server Error
2025/11/22 23:03:22 packer-plugin-proxmox_v1.1.3_x5.0_darwin_arm64 plugin: 2025/11/22 23:03:22 [DEBUG] Error getting SSH address: 500 Internal Server Error
2025/11/22 23:03:27 packer-plugin-proxmox_v1.1.3_x5.0_darwin_arm64 plugin: 2025/11/22 23:03:27 [DEBUG] Error getting SSH address: 500 Internal Server Error
2025/11/22 23:03:32 packer-plugin-proxmox_v1.1.3_x5.0_darwin_arm64 plugin: 2025/11/22 23:03:32 [DEBUG] Error getting SSH address: 500 Internal Server Error
2025/11/22 23:03:37 packer-plugin-proxmox_v1.1.3_x5.0_darwin_arm64 plugin: 2025/11/22 23:03:37 [DEBUG] Error getting SSH address: 500 Internal Server Error
2025/11/22 23:03:42 packer-plugin-proxmox_v1.1.3_x5.0_darwin_arm64 plugin: 2025/11/22 23:03:42 [DEBUG] Error getting SSH address: 500 Internal Server Error
2025/11/22 23:03:47 packer-plugin-proxmox_v1.1.3_x5.0_darwin_arm64 plugin: 2025/11/22 23:03:47 [DEBUG] Error getting SSH address: 500 Internal Server Error
2025/11/22 23:03:52 packer-plugin-proxmox_v1.1.3_x5.0_darwin_arm64 plugin: 2025/11/22 23:03:52 [DEBUG] Error getting SSH address: 500 Internal Server Error
2025/11/22 23:03:57 packer-plugin-proxmox_v1.1.3_x5.0_darwin_arm64 plugin: 2025/11/22 23:03:57 [DEBUG] Error getting SSH address: 500 Internal Server Error
2025/11/22 23:04:02 packer-plugin-proxmox_v1.1.3_x5.0_darwin_arm64 plugin: 2025/11/22 23:04:02 [DEBUG] Error getting SSH address: 500 Internal Server Error
2025/11/22 23:04:07 packer-plugin-proxmox_v1.1.3_x5.0_darwin_arm64 plugin: 2025/11/22 23:04:07 [DEBUG] Error getting SSH address: 500 Internal Server Error
2025/11/22 23:04:12 packer-plugin-proxmox_v1.1.3_x5.0_darwin_arm64 plugin: 2025/11/22 23:04:12 [DEBUG] Error getting SSH address: 500 Internal Server Error
2025/11/22 23:04:17 packer-plugin-proxmox_v1.1.3_x5.0_darwin_arm64 plugin: 2025/11/22 23:04:17 [DEBUG] Error getting SSH address: 500 Internal Server Error
2025/11/22 23:04:22 packer-plugin-proxmox_v1.1.3_x5.0_darwin_arm64 plugin: 2025/11/22 23:04:22 [DEBUG] Error getting SSH address: 500 Internal Server Error
2025/11/22 23:04:27 packer-plugin-proxmox_v1.1.3_x5.0_darwin_arm64 plugin: 2025/11/22 23:04:27 [DEBUG] Error getting SSH address: 500 Internal Server Error
2025/11/22 23:04:32 packer-plugin-proxmox_v1.1.3_x5.0_darwin_arm64 plugin: 2025/11/22 23:04:32 [DEBUG] Error getting SSH address: 500 Internal Server Error
2025/11/22 23:04:37 packer-plugin-proxmox_v1.1.3_x5.0_darwin_arm64 plugin: 2025/11/22 23:04:37 [DEBUG] Error getting SSH address: 500 Internal Server Error
2025/11/22 23:04:42 packer-plugin-proxmox_v1.1.3_x5.0_darwin_arm64 plugin: 2025/11/22 23:04:42 [DEBUG] Error getting SSH address: 500 Internal Server Error
2025/11/22 23:04:47 packer-plugin-proxmox_v1.1.3_x5.0_darwin_arm64 plugin: 2025/11/22 23:04:47 [DEBUG] Error getting SSH address: 500 Internal Server Error
2025/11/22 23:04:52 packer-plugin-proxmox_v1.1.3_x5.0_darwin_arm64 plugin: 2025/11/22 23:04:52 [DEBUG] Error getting SSH address: 500 Internal Server Error
2025/11/22 23:04:57 packer-plugin-proxmox_v1.1.3_x5.0_darwin_arm64 plugin: 2025/11/22 23:04:57 [DEBUG] Error getting SSH address: 500 Internal Server Error
2025/11/22 23:05:02 packer-plugin-proxmox_v1.1.3_x5.0_darwin_arm64 plugin: 2025/11/22 23:05:02 [DEBUG] Error getting SSH address: 500 Internal Server Error
2025/11/22 23:05:07 packer-plugin-proxmox_v1.1.3_x5.0_darwin_arm64 plugin: 2025/11/22 23:05:07 [DEBUG] Error getting SSH address: 500 Internal Server Error
2025/11/22 23:05:12 packer-plugin-proxmox_v1.1.3_x5.0_darwin_arm64 plugin: 2025/11/22 23:05:12 [DEBUG] Error getting SSH address: 500 Internal Server Error
2025/11/22 23:05:17 packer-plugin-proxmox_v1.1.3_x5.0_darwin_arm64 plugin: 2025/11/22 23:05:17 [DEBUG] Error getting SSH address: 500 Internal Server Error
2025/11/22 23:05:22 packer-plugin-proxmox_v1.1.3_x5.0_darwin_arm64 plugin: 2025/11/22 23:05:22 [DEBUG] Error getting SSH address: 500 Internal Server Error
2025/11/22 23:05:27 packer-plugin-proxmox_v1.1.3_x5.0_darwin_arm64 plugin: 2025/11/22 23:05:27 [DEBUG] Error getting SSH address: 500 Internal Server Error
2025/11/22 23:05:32 packer-plugin-proxmox_v1.1.3_x5.0_darwin_arm64 plugin: 2025/11/22 23:05:32 [DEBUG] Error getting SSH address: 500 Internal Server Error
2025/11/22 23:05:37 packer-plugin-proxmox_v1.1.3_x5.0_darwin_arm64 plugin: 2025/11/22 23:05:37 [DEBUG] Error getting SSH address: 500 Internal Server Error
2025/11/22 23:05:40 ui error: [1;31m==> <sensitive>-template.proxmox-iso.<sensitive>: Timeout waiting for SSH.[0m
2025/11/22 23:05:40 packer-plugin-proxmox_v1.1.3_x5.0_darwin_arm64 plugin: 2025/11/22 23:05:40 [DEBUG] SSH wait cancelled. Exiting loop.
2025/11/22 23:05:40 ui: [1;32m==> <sensitive>-template.proxmox-iso.<sensitive>: Stopping VM[0m
2025/11/22 23:05:43 ui: [1;32m==> <sensitive>-template.proxmox-iso.<sensitive>: Deleting VM[0m
2025/11/22 23:05:45 [INFO] (telemetry) ending proxmox-iso.<sensitive>
2025/11/22 23:05:45 ui error: [1;31mBuild '<sensitive>-template.proxmox-iso.<sensitive>' errored after 10 minutes 45 seconds: Timeout waiting for SSH.[0m
2025/11/22 23:05:45 ui: 
==> Wait completed after 10 minutes 45 seconds
2025/11/22 23:05:45 machine readable: error-count []string{"1"}
2025/11/22 23:05:45 ui error: 
==> Some builds didn't complete successfully and had errors:
2025/11/22 23:05:45 machine readable: <sensitive>-template.proxmox-iso.<sensitive>,error []string{"Timeout waiting for SSH."}
2025/11/22 23:05:45 ui error: --> <sensitive>-template.proxmox-iso.<sensitive>: Timeout waiting for SSH.
2025/11/22 23:05:45 ui: 
==> Builds finished but no artifacts were created.
2025/11/22 23:05:45 [INFO] (telemetry) Finalizing.
2025/11/22 23:05:45 waiting for all plugin processes to complete...
2025/11/22 23:05:45 /opt/homebrew/bin/packer: plugin process exited
2025/11/22 23:05:45 /Users/ka8kgj/.config/packer/plugins/github.com/hashicorp/proxmox/packer-plugin-proxmox_v1.1.3_x5.0_darwin_arm64: plugin process exited
2025/11/22 23:05:45 /opt/homebrew/bin/packer: plugin process exited
2025/11/22 23:05:45 /opt/homebrew/bin/packer: plugin process exited
2025/11/22 23:05:45 /opt/homebrew/bin/packer: plugin process exited
